# JRE version: Java(TM) SE Runtime Environment (8.0_45-b15) (build 1.8.0_45-b15)
# Java VM: Java HotSpot(TM) 64-Bit Server VM (25.45-b02 mixed mode windows-amd64 compressed oops)
Heap:
 PSYoungGen      total 55808K, used 5419K [0x00000007bc400000, 0x00000007c0000000, 0x00000007c0000000)
  eden space 50176K, 3% used [0x00000007bc400000,0x00000007bc5e12f0,0x00000007bf500000)
  from space 5632K, 62% used [0x00000007bf500000,0x00000007bf869bf0,0x00000007bfa80000)
  to   space 5120K, 0% used [0x00000007bfb00000,0x00000007bfb00000,0x00000007c0000000)
 ParOldGen       total 138752K, used 82068K [0x0000000700000000, 0x0000000708780000, 0x00000007bc400000)
  object space 138752K, 59% used [0x0000000700000000,0x0000000705025158,0x0000000708780000)
 Metaspace       used 73894K, capacity 74389K, committed 75136K, reserved 1114112K
  class space    used 10634K, capacity 10766K, committed 10880K, reserved 1048576K
GC Heap History (10 events):
Event: 2932.960 GC heap before
{Heap before GC invocations=279 (full 12):
 PSYoungGen      total 56320K, used 55267K [0x00000007bc400000, 0x00000007c0000000, 0x00000007c0000000)
  eden space 51200K, 100% used [0x00000007bc400000,0x00000007bf600000,0x00000007bf600000)
  from space 5120K, 79% used [0x00000007bfb00000,0x00000007bfef8c50,0x00000007c0000000)
  to   space 5120K, 0% used [0x00000007bf600000,0x00000007bf600000,0x00000007bfb00000)
 ParOldGen       total 138752K, used 81605K [0x0000000700000000, 0x0000000708780000, 0x00000007bc400000)
  object space 138752K, 58% used [0x0000000700000000,0x0000000704fb1718,0x0000000708780000)
 Metaspace       used 73833K, capacity 74293K, committed 75008K, reserved 1114112K
  class space    used 10609K, capacity 10734K, committed 10752K, reserved 1048576K
Event: 2932.965 GC heap after
Heap after GC invocations=279 (full 12):
 PSYoungGen      total 54784K, used 3914K [0x00000007bc400000, 0x00000007c0000000, 0x00000007c0000000)
  eden space 50688K, 0% used [0x00000007bc400000,0x00000007bc400000,0x00000007bf580000)
  from space 4096K, 95% used [0x00000007bf600000,0x00000007bf9d2a08,0x00000007bfa00000)
  to   space 5632K, 0% used [0x00000007bfa80000,0x00000007bfa80000,0x00000007c0000000)
 ParOldGen       total 138752K, used 81605K [0x0000000700000000, 0x0000000708780000, 0x00000007bc400000)
  object space 138752K, 58% used [0x0000000700000000,0x0000000704fb1718,0x0000000708780000)
 Metaspace       used 73833K, capacity 74293K, committed 75008K, reserved 1114112K
  class space    used 10609K, capacity 10734K, committed 10752K, reserved 1048576K
}
Event: 2933.440 GC heap before
{Heap before GC invocations=280 (full 12):
 PSYoungGen      total 54784K, used 54602K [0x00000007bc400000, 0x00000007c0000000, 0x00000007c0000000)
  eden space 50688K, 100% used [0x00000007bc400000,0x00000007bf580000,0x00000007bf580000)
  from space 4096K, 95% used [0x00000007bf600000,0x00000007bf9d2a08,0x00000007bfa00000)
  to   space 5632K, 0% used [0x00000007bfa80000,0x00000007bfa80000,0x00000007c0000000)
 ParOldGen       total 138752K, used 81605K [0x0000000700000000, 0x0000000708780000, 0x00000007bc400000)
  object space 138752K, 58% used [0x0000000700000000,0x0000000704fb1718,0x0000000708780000)
 Metaspace       used 73833K, capacity 74293K, committed 75008K, reserved 1114112K
  class space    used 10609K, capacity 10734K, committed 10752K, reserved 1048576K
Event: 2933.445 GC heap after
Heap after GC invocations=280 (full 12):
 PSYoungGen      total 55808K, used 3875K [0x00000007bc400000, 0x00000007c0000000, 0x00000007c0000000)
  eden space 50176K, 0% used [0x00000007bc400000,0x00000007bc400000,0x00000007bf500000)
  from space 5632K, 68% used [0x00000007bfa80000,0x00000007bfe48c50,0x00000007c0000000)
  to   space 5632K, 0% used [0x00000007bf500000,0x00000007bf500000,0x00000007bfa80000)
 ParOldGen       total 138752K, used 81605K [0x0000000700000000, 0x0000000708780000, 0x00000007bc400000)
  object space 138752K, 58% used [0x0000000700000000,0x0000000704fb1718,0x0000000708780000)
 Metaspace       used 73833K, capacity 74293K, committed 75008K, reserved 1114112K
  class space    used 10609K, capacity 10734K, committed 10752K, reserved 1048576K
}
Event: 2942.609 GC heap before
{Heap before GC invocations=281 (full 12):
 PSYoungGen      total 55808K, used 54051K [0x00000007bc400000, 0x00000007c0000000, 0x00000007c0000000)
  eden space 50176K, 100% used [0x00000007bc400000,0x00000007bf500000,0x00000007bf500000)
  from space 5632K, 68% used [0x00000007bfa80000,0x00000007bfe48c50,0x00000007c0000000)
  to   space 5632K, 0% used [0x00000007bf500000,0x00000007bf500000,0x00000007bfa80000)
 ParOldGen       total 138752K, used 81605K [0x0000000700000000, 0x0000000708780000, 0x00000007bc400000)
  object space 138752K, 58% used [0x0000000700000000,0x0000000704fb1718,0x0000000708780000)
 Metaspace       used 73833K, capacity 74293K, committed 75008K, reserved 1114112K
  class space    used 10609K, capacity 10734K, committed 10752K, reserved 1048576K
Event: 2942.613 GC heap after
Heap after GC invocations=281 (full 12):
 PSYoungGen      total 55808K, used 3555K [0x00000007bc400000, 0x00000007c0000000, 0x00000007c0000000)
  eden space 50176K, 0% used [0x00000007bc400000,0x00000007bc400000,0x00000007bf500000)
  from space 5632K, 63% used [0x00000007bf500000,0x00000007bf878c50,0x00000007bfa80000)
  to   space 5632K, 0% used [0x00000007bfa80000,0x00000007bfa80000,0x00000007c0000000)
 ParOldGen       total 138752K, used 81924K [0x0000000700000000, 0x0000000708780000, 0x00000007bc400000)
  object space 138752K, 59% used [0x0000000700000000,0x0000000705001158,0x0000000708780000)
 Metaspace       used 73833K, capacity 74293K, committed 75008K, reserved 1114112K
  class space    used 10609K, capacity 10734K, committed 10752K, reserved 1048576K
}
Event: 2943.755 GC heap before
{Heap before GC invocations=282 (full 12):
 PSYoungGen      total 55808K, used 53731K [0x00000007bc400000, 0x00000007c0000000, 0x00000007c0000000)
  eden space 50176K, 100% used [0x00000007bc400000,0x00000007bf500000,0x00000007bf500000)
  from space 5632K, 63% used [0x00000007bf500000,0x00000007bf878c50,0x00000007bfa80000)
  to   space 5632K, 0% used [0x00000007bfa80000,0x00000007bfa80000,0x00000007c0000000)
 ParOldGen       total 138752K, used 81924K [0x0000000700000000, 0x0000000708780000, 0x00000007bc400000)
  object space 138752K, 59% used [0x0000000700000000,0x0000000705001158,0x0000000708780000)
 Metaspace       used 73833K, capacity 74293K, committed 75008K, reserved 1114112K
  class space    used 10609K, capacity 10734K, committed 10752K, reserved 1048576K
Event: 2943.759 GC heap after
Heap after GC invocations=282 (full 12):
 PSYoungGen      total 55808K, used 3523K [0x00000007bc400000, 0x00000007c0000000, 0x00000007c0000000)
  eden space 50176K, 0% used [0x00000007bc400000,0x00000007bc400000,0x00000007bf500000)
  from space 5632K, 62% used [0x00000007bfa80000,0x00000007bfdf0c50,0x00000007c0000000)
  to   space 5632K, 0% used [0x00000007bf500000,0x00000007bf500000,0x00000007bfa80000)
 ParOldGen       total 138752K, used 81972K [0x0000000700000000, 0x0000000708780000, 0x00000007bc400000)
  object space 138752K, 59% used [0x0000000700000000,0x000000070500d158,0x0000000708780000)
 Metaspace       used 73833K, capacity 74293K, committed 75008K, reserved 1114112K
  class space    used 10609K, capacity 10734K, committed 10752K, reserved 1048576K
}
Event: 2968.952 GC heap before
{Heap before GC invocations=283 (full 12):
 PSYoungGen      total 55808K, used 53699K [0x00000007bc400000, 0x00000007c0000000, 0x00000007c0000000)
  eden space 50176K, 100% used [0x00000007bc400000,0x00000007bf500000,0x00000007bf500000)
  from space 5632K, 62% used [0x00000007bfa80000,0x00000007bfdf0c50,0x00000007c0000000)
  to   space 5632K, 0% used [0x00000007bf500000,0x00000007bf500000,0x00000007bfa80000)
 ParOldGen       total 138752K, used 81972K [0x0000000700000000, 0x0000000708780000, 0x00000007bc400000)
  object space 138752K, 59% used [0x0000000700000000,0x000000070500d158,0x0000000708780000)
 Metaspace       used 73863K, capacity 74293K, committed 75008K, reserved 1114112K
  class space    used 10616K, capacity 10734K, committed 10752K, reserved 1048576K
Event: 2968.958 GC heap after
Heap after GC invocations=283 (full 12):
 PSYoungGen      total 55808K, used 3494K [0x00000007bc400000, 0x00000007c0000000, 0x00000007c0000000)
  eden space 50176K, 0% used [0x00000007bc400000,0x00000007bc400000,0x00000007bf500000)
  from space 5632K, 62% used [0x00000007bf500000,0x00000007bf869bf0,0x00000007bfa80000)
  to   space 5120K, 0% used [0x00000007bfb00000,0x00000007bfb00000,0x00000007c0000000)
 ParOldGen       total 138752K, used 82068K [0x0000000700000000, 0x0000000708780000, 0x00000007bc400000)
  object space 138752K, 59% used [0x0000000700000000,0x0000000705025158,0x0000000708780000)
 Metaspace       used 73863K, capacity 74293K, committed 75008K, reserved 1114112K
  class space    used 10616K, capacity 10734K, committed 10752K, reserved 1048576K
}

